<?xml version="1.0" encoding="UTF-8"?>
<testsuite xmlns:xsi="http://www.w3.org/2001/XMLSchema-instance" xsi:noNamespaceSchemaLocation="https://maven.apache.org/surefire/maven-surefire-plugin/xsd/surefire-test-report.xsd" name="com.gosuncn.shop.SpringBootShopApplicationTests" time="1.407" tests="7" errors="0" skipped="0" failures="0">
  <properties>
    <property name="sun.desktop" value="windows"/>
    <property name="awt.toolkit" value="sun.awt.windows.WToolkit"/>
    <property name="file.encoding.pkg" value="sun.io"/>
    <property name="java.specification.version" value="1.8"/>
    <property name="sun.cpu.isalist" value="amd64"/>
    <property name="sun.jnu.encoding" value="GBK"/>
    <property name="java.class.path" value="E:\DevTools\idea\workplaces\spring-boot-shop\target\test-classes;E:\DevTools\idea\workplaces\spring-boot-shop\target\classes;E:\AssisitTools\maven\repository\org\springframework\boot\spring-boot-starter-web\2.1.0.RELEASE\spring-boot-starter-web-2.1.0.RELEASE.jar;E:\AssisitTools\maven\repository\org\springframework\boot\spring-boot-starter\2.1.0.RELEASE\spring-boot-starter-2.1.0.RELEASE.jar;E:\AssisitTools\maven\repository\org\springframework\boot\spring-boot\2.1.0.RELEASE\spring-boot-2.1.0.RELEASE.jar;E:\AssisitTools\maven\repository\org\springframework\boot\spring-boot-autoconfigure\2.1.0.RELEASE\spring-boot-autoconfigure-2.1.0.RELEASE.jar;E:\AssisitTools\maven\repository\org\springframework\boot\spring-boot-starter-logging\2.1.0.RELEASE\spring-boot-starter-logging-2.1.0.RELEASE.jar;E:\AssisitTools\maven\repository\ch\qos\logback\logback-classic\1.2.3\logback-classic-1.2.3.jar;E:\AssisitTools\maven\repository\ch\qos\logback\logback-core\1.2.3\logback-core-1.2.3.jar;E:\AssisitTools\maven\repository\org\apache\logging\log4j\log4j-to-slf4j\2.11.1\log4j-to-slf4j-2.11.1.jar;E:\AssisitTools\maven\repository\org\apache\logging\log4j\log4j-api\2.11.1\log4j-api-2.11.1.jar;E:\AssisitTools\maven\repository\org\slf4j\jul-to-slf4j\1.7.25\jul-to-slf4j-1.7.25.jar;E:\AssisitTools\maven\repository\javax\annotation\javax.annotation-api\1.3.2\javax.annotation-api-1.3.2.jar;E:\AssisitTools\maven\repository\org\yaml\snakeyaml\1.23\snakeyaml-1.23.jar;E:\AssisitTools\maven\repository\org\springframework\boot\spring-boot-starter-json\2.1.0.RELEASE\spring-boot-starter-json-2.1.0.RELEASE.jar;E:\AssisitTools\maven\repository\com\fasterxml\jackson\core\jackson-databind\2.9.7\jackson-databind-2.9.7.jar;E:\AssisitTools\maven\repository\com\fasterxml\jackson\core\jackson-annotations\2.9.0\jackson-annotations-2.9.0.jar;E:\AssisitTools\maven\repository\com\fasterxml\jackson\core\jackson-core\2.9.7\jackson-core-2.9.7.jar;E:\AssisitTools\maven\repository\com\fasterxml\jackson\datatype\jackson-datatype-jdk8\2.9.7\jackson-datatype-jdk8-2.9.7.jar;E:\AssisitTools\maven\repository\com\fasterxml\jackson\datatype\jackson-datatype-jsr310\2.9.7\jackson-datatype-jsr310-2.9.7.jar;E:\AssisitTools\maven\repository\com\fasterxml\jackson\module\jackson-module-parameter-names\2.9.7\jackson-module-parameter-names-2.9.7.jar;E:\AssisitTools\maven\repository\org\springframework\boot\spring-boot-starter-tomcat\2.1.0.RELEASE\spring-boot-starter-tomcat-2.1.0.RELEASE.jar;E:\AssisitTools\maven\repository\org\apache\tomcat\embed\tomcat-embed-core\9.0.12\tomcat-embed-core-9.0.12.jar;E:\AssisitTools\maven\repository\org\apache\tomcat\embed\tomcat-embed-el\9.0.12\tomcat-embed-el-9.0.12.jar;E:\AssisitTools\maven\repository\org\apache\tomcat\embed\tomcat-embed-websocket\9.0.12\tomcat-embed-websocket-9.0.12.jar;E:\AssisitTools\maven\repository\org\hibernate\validator\hibernate-validator\6.0.13.Final\hibernate-validator-6.0.13.Final.jar;E:\AssisitTools\maven\repository\javax\validation\validation-api\2.0.1.Final\validation-api-2.0.1.Final.jar;E:\AssisitTools\maven\repository\org\jboss\logging\jboss-logging\3.3.2.Final\jboss-logging-3.3.2.Final.jar;E:\AssisitTools\maven\repository\com\fasterxml\classmate\1.4.0\classmate-1.4.0.jar;E:\AssisitTools\maven\repository\org\springframework\spring-web\5.1.2.RELEASE\spring-web-5.1.2.RELEASE.jar;E:\AssisitTools\maven\repository\org\springframework\spring-beans\5.1.2.RELEASE\spring-beans-5.1.2.RELEASE.jar;E:\AssisitTools\maven\repository\org\springframework\spring-webmvc\5.1.2.RELEASE\spring-webmvc-5.1.2.RELEASE.jar;E:\AssisitTools\maven\repository\org\springframework\spring-aop\5.1.2.RELEASE\spring-aop-5.1.2.RELEASE.jar;E:\AssisitTools\maven\repository\org\springframework\spring-context\5.1.2.RELEASE\spring-context-5.1.2.RELEASE.jar;E:\AssisitTools\maven\repository\org\springframework\spring-expression\5.1.2.RELEASE\spring-expression-5.1.2.RELEASE.jar;E:\AssisitTools\maven\repository\mysql\mysql-connector-java\8.0.13\mysql-connector-java-8.0.13.jar;E:\AssisitTools\maven\repository\org\springframework\boot\spring-boot-starter-data-jpa\2.1.0.RELEASE\spring-boot-starter-data-jpa-2.1.0.RELEASE.jar;E:\AssisitTools\maven\repository\org\springframework\boot\spring-boot-starter-aop\2.1.0.RELEASE\spring-boot-starter-aop-2.1.0.RELEASE.jar;E:\AssisitTools\maven\repository\org\aspectj\aspectjweaver\1.9.2\aspectjweaver-1.9.2.jar;E:\AssisitTools\maven\repository\org\springframework\boot\spring-boot-starter-jdbc\2.1.0.RELEASE\spring-boot-starter-jdbc-2.1.0.RELEASE.jar;E:\AssisitTools\maven\repository\com\zaxxer\HikariCP\3.2.0\HikariCP-3.2.0.jar;E:\AssisitTools\maven\repository\org\springframework\spring-jdbc\5.1.2.RELEASE\spring-jdbc-5.1.2.RELEASE.jar;E:\AssisitTools\maven\repository\javax\transaction\javax.transaction-api\1.3\javax.transaction-api-1.3.jar;E:\AssisitTools\maven\repository\javax\xml\bind\jaxb-api\2.3.1\jaxb-api-2.3.1.jar;E:\AssisitTools\maven\repository\javax\activation\javax.activation-api\1.2.0\javax.activation-api-1.2.0.jar;E:\AssisitTools\maven\repository\org\hibernate\hibernate-core\5.3.7.Final\hibernate-core-5.3.7.Final.jar;E:\AssisitTools\maven\repository\javax\persistence\javax.persistence-api\2.2\javax.persistence-api-2.2.jar;E:\AssisitTools\maven\repository\org\javassist\javassist\3.23.1-GA\javassist-3.23.1-GA.jar;E:\AssisitTools\maven\repository\net\bytebuddy\byte-buddy\1.9.3\byte-buddy-1.9.3.jar;E:\AssisitTools\maven\repository\antlr\antlr\2.7.7\antlr-2.7.7.jar;E:\AssisitTools\maven\repository\org\jboss\jandex\2.0.5.Final\jandex-2.0.5.Final.jar;E:\AssisitTools\maven\repository\org\dom4j\dom4j\2.1.1\dom4j-2.1.1.jar;E:\AssisitTools\maven\repository\org\hibernate\common\hibernate-commons-annotations\5.0.4.Final\hibernate-commons-annotations-5.0.4.Final.jar;E:\AssisitTools\maven\repository\org\springframework\data\spring-data-jpa\2.1.2.RELEASE\spring-data-jpa-2.1.2.RELEASE.jar;E:\AssisitTools\maven\repository\org\springframework\data\spring-data-commons\2.1.2.RELEASE\spring-data-commons-2.1.2.RELEASE.jar;E:\AssisitTools\maven\repository\org\springframework\spring-orm\5.1.2.RELEASE\spring-orm-5.1.2.RELEASE.jar;E:\AssisitTools\maven\repository\org\springframework\spring-tx\5.1.2.RELEASE\spring-tx-5.1.2.RELEASE.jar;E:\AssisitTools\maven\repository\org\springframework\spring-aspects\5.1.2.RELEASE\spring-aspects-5.1.2.RELEASE.jar;E:\AssisitTools\maven\repository\org\springframework\boot\spring-boot-starter-thymeleaf\2.1.0.RELEASE\spring-boot-starter-thymeleaf-2.1.0.RELEASE.jar;E:\AssisitTools\maven\repository\org\thymeleaf\thymeleaf-spring5\3.0.11.RELEASE\thymeleaf-spring5-3.0.11.RELEASE.jar;E:\AssisitTools\maven\repository\org\thymeleaf\thymeleaf\3.0.11.RELEASE\thymeleaf-3.0.11.RELEASE.jar;E:\AssisitTools\maven\repository\org\attoparser\attoparser\2.0.5.RELEASE\attoparser-2.0.5.RELEASE.jar;E:\AssisitTools\maven\repository\org\unbescape\unbescape\1.1.6.RELEASE\unbescape-1.1.6.RELEASE.jar;E:\AssisitTools\maven\repository\org\thymeleaf\extras\thymeleaf-extras-java8time\3.0.1.RELEASE\thymeleaf-extras-java8time-3.0.1.RELEASE.jar;E:\AssisitTools\maven\repository\org\projectlombok\lombok\1.18.2\lombok-1.18.2.jar;E:\AssisitTools\maven\repository\org\springframework\boot\spring-boot-starter-test\2.1.0.RELEASE\spring-boot-starter-test-2.1.0.RELEASE.jar;E:\AssisitTools\maven\repository\org\springframework\boot\spring-boot-test\2.1.0.RELEASE\spring-boot-test-2.1.0.RELEASE.jar;E:\AssisitTools\maven\repository\org\springframework\boot\spring-boot-test-autoconfigure\2.1.0.RELEASE\spring-boot-test-autoconfigure-2.1.0.RELEASE.jar;E:\AssisitTools\maven\repository\com\jayway\jsonpath\json-path\2.4.0\json-path-2.4.0.jar;E:\AssisitTools\maven\repository\net\minidev\json-smart\2.3\json-smart-2.3.jar;E:\AssisitTools\maven\repository\net\minidev\accessors-smart\1.2\accessors-smart-1.2.jar;E:\AssisitTools\maven\repository\org\ow2\asm\asm\5.0.4\asm-5.0.4.jar;E:\AssisitTools\maven\repository\junit\junit\4.12\junit-4.12.jar;E:\AssisitTools\maven\repository\org\assertj\assertj-core\3.11.1\assertj-core-3.11.1.jar;E:\AssisitTools\maven\repository\org\mockito\mockito-core\2.23.0\mockito-core-2.23.0.jar;E:\AssisitTools\maven\repository\net\bytebuddy\byte-buddy-agent\1.9.3\byte-buddy-agent-1.9.3.jar;E:\AssisitTools\maven\repository\org\objenesis\objenesis\2.6\objenesis-2.6.jar;E:\AssisitTools\maven\repository\org\hamcrest\hamcrest-core\1.3\hamcrest-core-1.3.jar;E:\AssisitTools\maven\repository\org\hamcrest\hamcrest-library\1.3\hamcrest-library-1.3.jar;E:\AssisitTools\maven\repository\org\skyscreamer\jsonassert\1.5.0\jsonassert-1.5.0.jar;E:\AssisitTools\maven\repository\com\vaadin\external\google\android-json\0.0.20131108.vaadin1\android-json-0.0.20131108.vaadin1.jar;E:\AssisitTools\maven\repository\org\springframework\spring-core\5.1.2.RELEASE\spring-core-5.1.2.RELEASE.jar;E:\AssisitTools\maven\repository\org\springframework\spring-jcl\5.1.2.RELEASE\spring-jcl-5.1.2.RELEASE.jar;E:\AssisitTools\maven\repository\org\springframework\spring-test\5.1.2.RELEASE\spring-test-5.1.2.RELEASE.jar;E:\AssisitTools\maven\repository\org\xmlunit\xmlunit-core\2.6.2\xmlunit-core-2.6.2.jar;E:\AssisitTools\maven\repository\com\alibaba\druid\1.1.10\druid-1.1.10.jar;E:\AssisitTools\maven\repository\org\apache\shiro\shiro-core\1.3.2\shiro-core-1.3.2.jar;E:\AssisitTools\maven\repository\org\slf4j\slf4j-api\1.7.25\slf4j-api-1.7.25.jar;E:\AssisitTools\maven\repository\commons-beanutils\commons-beanutils\1.8.3\commons-beanutils-1.8.3.jar;E:\AssisitTools\maven\repository\org\apache\shiro\shiro-web\1.3.2\shiro-web-1.3.2.jar;E:\AssisitTools\maven\repository\org\apache\shiro\shiro-spring\1.3.2\shiro-spring-1.3.2.jar;E:\AssisitTools\maven\repository\com\github\theborakompanioni\thymeleaf-extras-shiro\2.0.0\thymeleaf-extras-shiro-2.0.0.jar;E:\AssisitTools\maven\repository\commons-lang\commons-lang\2.6\commons-lang-2.6.jar;E:\AssisitTools\maven\repository\org\springframework\boot\spring-boot-starter-data-redis\2.1.0.RELEASE\spring-boot-starter-data-redis-2.1.0.RELEASE.jar;E:\AssisitTools\maven\repository\org\springframework\data\spring-data-redis\2.1.2.RELEASE\spring-data-redis-2.1.2.RELEASE.jar;E:\AssisitTools\maven\repository\org\springframework\data\spring-data-keyvalue\2.1.2.RELEASE\spring-data-keyvalue-2.1.2.RELEASE.jar;E:\AssisitTools\maven\repository\org\springframework\spring-oxm\5.1.2.RELEASE\spring-oxm-5.1.2.RELEASE.jar;E:\AssisitTools\maven\repository\org\springframework\spring-context-support\5.1.2.RELEASE\spring-context-support-5.1.2.RELEASE.jar;E:\AssisitTools\maven\repository\io\lettuce\lettuce-core\5.1.2.RELEASE\lettuce-core-5.1.2.RELEASE.jar;E:\AssisitTools\maven\repository\io\projectreactor\reactor-core\3.2.2.RELEASE\reactor-core-3.2.2.RELEASE.jar;E:\AssisitTools\maven\repository\org\reactivestreams\reactive-streams\1.0.2\reactive-streams-1.0.2.jar;E:\AssisitTools\maven\repository\io\netty\netty-common\4.1.29.Final\netty-common-4.1.29.Final.jar;E:\AssisitTools\maven\repository\io\netty\netty-transport\4.1.29.Final\netty-transport-4.1.29.Final.jar;E:\AssisitTools\maven\repository\io\netty\netty-buffer\4.1.29.Final\netty-buffer-4.1.29.Final.jar;E:\AssisitTools\maven\repository\io\netty\netty-resolver\4.1.29.Final\netty-resolver-4.1.29.Final.jar;E:\AssisitTools\maven\repository\io\netty\netty-handler\4.1.29.Final\netty-handler-4.1.29.Final.jar;E:\AssisitTools\maven\repository\io\netty\netty-codec\4.1.29.Final\netty-codec-4.1.29.Final.jar;E:\AssisitTools\maven\repository\org\apache\commons\commons-pool2\2.4.2\commons-pool2-2.4.2.jar;E:\AssisitTools\maven\repository\com\alibaba\fastjson\1.2.8\fastjson-1.2.8.jar;"/>
    <property name="java.vm.vendor" value="Oracle Corporation"/>
    <property name="sun.arch.data.model" value="64"/>
    <property name="user.variant" value=""/>
    <property name="java.vendor.url" value="http://java.oracle.com/"/>
    <property name="user.timezone" value="Asia/Shanghai"/>
    <property name="java.vm.specification.version" value="1.8"/>
    <property name="os.name" value="Windows 7"/>
    <property name="user.country" value="CN"/>
    <property name="sun.java.launcher" value="SUN_STANDARD"/>
    <property name="sun.boot.library.path" value="E:\java\jdk1.8\jre\bin"/>
    <property name="sun.java.command" value="C:\Users\Goldmsg\AppData\Local\Temp\surefire3169270107388540953\surefirebooter7878751690906305013.jar C:\Users\Goldmsg\AppData\Local\Temp\surefire3169270107388540953 2018-12-17T14-17-51_286-jvmRun1 surefire6084724991487186867tmp surefire_05221628286224713056tmp"/>
    <property name="surefire.test.class.path" value="E:\DevTools\idea\workplaces\spring-boot-shop\target\test-classes;E:\DevTools\idea\workplaces\spring-boot-shop\target\classes;E:\AssisitTools\maven\repository\org\springframework\boot\spring-boot-starter-web\2.1.0.RELEASE\spring-boot-starter-web-2.1.0.RELEASE.jar;E:\AssisitTools\maven\repository\org\springframework\boot\spring-boot-starter\2.1.0.RELEASE\spring-boot-starter-2.1.0.RELEASE.jar;E:\AssisitTools\maven\repository\org\springframework\boot\spring-boot\2.1.0.RELEASE\spring-boot-2.1.0.RELEASE.jar;E:\AssisitTools\maven\repository\org\springframework\boot\spring-boot-autoconfigure\2.1.0.RELEASE\spring-boot-autoconfigure-2.1.0.RELEASE.jar;E:\AssisitTools\maven\repository\org\springframework\boot\spring-boot-starter-logging\2.1.0.RELEASE\spring-boot-starter-logging-2.1.0.RELEASE.jar;E:\AssisitTools\maven\repository\ch\qos\logback\logback-classic\1.2.3\logback-classic-1.2.3.jar;E:\AssisitTools\maven\repository\ch\qos\logback\logback-core\1.2.3\logback-core-1.2.3.jar;E:\AssisitTools\maven\repository\org\apache\logging\log4j\log4j-to-slf4j\2.11.1\log4j-to-slf4j-2.11.1.jar;E:\AssisitTools\maven\repository\org\apache\logging\log4j\log4j-api\2.11.1\log4j-api-2.11.1.jar;E:\AssisitTools\maven\repository\org\slf4j\jul-to-slf4j\1.7.25\jul-to-slf4j-1.7.25.jar;E:\AssisitTools\maven\repository\javax\annotation\javax.annotation-api\1.3.2\javax.annotation-api-1.3.2.jar;E:\AssisitTools\maven\repository\org\yaml\snakeyaml\1.23\snakeyaml-1.23.jar;E:\AssisitTools\maven\repository\org\springframework\boot\spring-boot-starter-json\2.1.0.RELEASE\spring-boot-starter-json-2.1.0.RELEASE.jar;E:\AssisitTools\maven\repository\com\fasterxml\jackson\core\jackson-databind\2.9.7\jackson-databind-2.9.7.jar;E:\AssisitTools\maven\repository\com\fasterxml\jackson\core\jackson-annotations\2.9.0\jackson-annotations-2.9.0.jar;E:\AssisitTools\maven\repository\com\fasterxml\jackson\core\jackson-core\2.9.7\jackson-core-2.9.7.jar;E:\AssisitTools\maven\repository\com\fasterxml\jackson\datatype\jackson-datatype-jdk8\2.9.7\jackson-datatype-jdk8-2.9.7.jar;E:\AssisitTools\maven\repository\com\fasterxml\jackson\datatype\jackson-datatype-jsr310\2.9.7\jackson-datatype-jsr310-2.9.7.jar;E:\AssisitTools\maven\repository\com\fasterxml\jackson\module\jackson-module-parameter-names\2.9.7\jackson-module-parameter-names-2.9.7.jar;E:\AssisitTools\maven\repository\org\springframework\boot\spring-boot-starter-tomcat\2.1.0.RELEASE\spring-boot-starter-tomcat-2.1.0.RELEASE.jar;E:\AssisitTools\maven\repository\org\apache\tomcat\embed\tomcat-embed-core\9.0.12\tomcat-embed-core-9.0.12.jar;E:\AssisitTools\maven\repository\org\apache\tomcat\embed\tomcat-embed-el\9.0.12\tomcat-embed-el-9.0.12.jar;E:\AssisitTools\maven\repository\org\apache\tomcat\embed\tomcat-embed-websocket\9.0.12\tomcat-embed-websocket-9.0.12.jar;E:\AssisitTools\maven\repository\org\hibernate\validator\hibernate-validator\6.0.13.Final\hibernate-validator-6.0.13.Final.jar;E:\AssisitTools\maven\repository\javax\validation\validation-api\2.0.1.Final\validation-api-2.0.1.Final.jar;E:\AssisitTools\maven\repository\org\jboss\logging\jboss-logging\3.3.2.Final\jboss-logging-3.3.2.Final.jar;E:\AssisitTools\maven\repository\com\fasterxml\classmate\1.4.0\classmate-1.4.0.jar;E:\AssisitTools\maven\repository\org\springframework\spring-web\5.1.2.RELEASE\spring-web-5.1.2.RELEASE.jar;E:\AssisitTools\maven\repository\org\springframework\spring-beans\5.1.2.RELEASE\spring-beans-5.1.2.RELEASE.jar;E:\AssisitTools\maven\repository\org\springframework\spring-webmvc\5.1.2.RELEASE\spring-webmvc-5.1.2.RELEASE.jar;E:\AssisitTools\maven\repository\org\springframework\spring-aop\5.1.2.RELEASE\spring-aop-5.1.2.RELEASE.jar;E:\AssisitTools\maven\repository\org\springframework\spring-context\5.1.2.RELEASE\spring-context-5.1.2.RELEASE.jar;E:\AssisitTools\maven\repository\org\springframework\spring-expression\5.1.2.RELEASE\spring-expression-5.1.2.RELEASE.jar;E:\AssisitTools\maven\repository\mysql\mysql-connector-java\8.0.13\mysql-connector-java-8.0.13.jar;E:\AssisitTools\maven\repository\org\springframework\boot\spring-boot-starter-data-jpa\2.1.0.RELEASE\spring-boot-starter-data-jpa-2.1.0.RELEASE.jar;E:\AssisitTools\maven\repository\org\springframework\boot\spring-boot-starter-aop\2.1.0.RELEASE\spring-boot-starter-aop-2.1.0.RELEASE.jar;E:\AssisitTools\maven\repository\org\aspectj\aspectjweaver\1.9.2\aspectjweaver-1.9.2.jar;E:\AssisitTools\maven\repository\org\springframework\boot\spring-boot-starter-jdbc\2.1.0.RELEASE\spring-boot-starter-jdbc-2.1.0.RELEASE.jar;E:\AssisitTools\maven\repository\com\zaxxer\HikariCP\3.2.0\HikariCP-3.2.0.jar;E:\AssisitTools\maven\repository\org\springframework\spring-jdbc\5.1.2.RELEASE\spring-jdbc-5.1.2.RELEASE.jar;E:\AssisitTools\maven\repository\javax\transaction\javax.transaction-api\1.3\javax.transaction-api-1.3.jar;E:\AssisitTools\maven\repository\javax\xml\bind\jaxb-api\2.3.1\jaxb-api-2.3.1.jar;E:\AssisitTools\maven\repository\javax\activation\javax.activation-api\1.2.0\javax.activation-api-1.2.0.jar;E:\AssisitTools\maven\repository\org\hibernate\hibernate-core\5.3.7.Final\hibernate-core-5.3.7.Final.jar;E:\AssisitTools\maven\repository\javax\persistence\javax.persistence-api\2.2\javax.persistence-api-2.2.jar;E:\AssisitTools\maven\repository\org\javassist\javassist\3.23.1-GA\javassist-3.23.1-GA.jar;E:\AssisitTools\maven\repository\net\bytebuddy\byte-buddy\1.9.3\byte-buddy-1.9.3.jar;E:\AssisitTools\maven\repository\antlr\antlr\2.7.7\antlr-2.7.7.jar;E:\AssisitTools\maven\repository\org\jboss\jandex\2.0.5.Final\jandex-2.0.5.Final.jar;E:\AssisitTools\maven\repository\org\dom4j\dom4j\2.1.1\dom4j-2.1.1.jar;E:\AssisitTools\maven\repository\org\hibernate\common\hibernate-commons-annotations\5.0.4.Final\hibernate-commons-annotations-5.0.4.Final.jar;E:\AssisitTools\maven\repository\org\springframework\data\spring-data-jpa\2.1.2.RELEASE\spring-data-jpa-2.1.2.RELEASE.jar;E:\AssisitTools\maven\repository\org\springframework\data\spring-data-commons\2.1.2.RELEASE\spring-data-commons-2.1.2.RELEASE.jar;E:\AssisitTools\maven\repository\org\springframework\spring-orm\5.1.2.RELEASE\spring-orm-5.1.2.RELEASE.jar;E:\AssisitTools\maven\repository\org\springframework\spring-tx\5.1.2.RELEASE\spring-tx-5.1.2.RELEASE.jar;E:\AssisitTools\maven\repository\org\springframework\spring-aspects\5.1.2.RELEASE\spring-aspects-5.1.2.RELEASE.jar;E:\AssisitTools\maven\repository\org\springframework\boot\spring-boot-starter-thymeleaf\2.1.0.RELEASE\spring-boot-starter-thymeleaf-2.1.0.RELEASE.jar;E:\AssisitTools\maven\repository\org\thymeleaf\thymeleaf-spring5\3.0.11.RELEASE\thymeleaf-spring5-3.0.11.RELEASE.jar;E:\AssisitTools\maven\repository\org\thymeleaf\thymeleaf\3.0.11.RELEASE\thymeleaf-3.0.11.RELEASE.jar;E:\AssisitTools\maven\repository\org\attoparser\attoparser\2.0.5.RELEASE\attoparser-2.0.5.RELEASE.jar;E:\AssisitTools\maven\repository\org\unbescape\unbescape\1.1.6.RELEASE\unbescape-1.1.6.RELEASE.jar;E:\AssisitTools\maven\repository\org\thymeleaf\extras\thymeleaf-extras-java8time\3.0.1.RELEASE\thymeleaf-extras-java8time-3.0.1.RELEASE.jar;E:\AssisitTools\maven\repository\org\projectlombok\lombok\1.18.2\lombok-1.18.2.jar;E:\AssisitTools\maven\repository\org\springframework\boot\spring-boot-starter-test\2.1.0.RELEASE\spring-boot-starter-test-2.1.0.RELEASE.jar;E:\AssisitTools\maven\repository\org\springframework\boot\spring-boot-test\2.1.0.RELEASE\spring-boot-test-2.1.0.RELEASE.jar;E:\AssisitTools\maven\repository\org\springframework\boot\spring-boot-test-autoconfigure\2.1.0.RELEASE\spring-boot-test-autoconfigure-2.1.0.RELEASE.jar;E:\AssisitTools\maven\repository\com\jayway\jsonpath\json-path\2.4.0\json-path-2.4.0.jar;E:\AssisitTools\maven\repository\net\minidev\json-smart\2.3\json-smart-2.3.jar;E:\AssisitTools\maven\repository\net\minidev\accessors-smart\1.2\accessors-smart-1.2.jar;E:\AssisitTools\maven\repository\org\ow2\asm\asm\5.0.4\asm-5.0.4.jar;E:\AssisitTools\maven\repository\junit\junit\4.12\junit-4.12.jar;E:\AssisitTools\maven\repository\org\assertj\assertj-core\3.11.1\assertj-core-3.11.1.jar;E:\AssisitTools\maven\repository\org\mockito\mockito-core\2.23.0\mockito-core-2.23.0.jar;E:\AssisitTools\maven\repository\net\bytebuddy\byte-buddy-agent\1.9.3\byte-buddy-agent-1.9.3.jar;E:\AssisitTools\maven\repository\org\objenesis\objenesis\2.6\objenesis-2.6.jar;E:\AssisitTools\maven\repository\org\hamcrest\hamcrest-core\1.3\hamcrest-core-1.3.jar;E:\AssisitTools\maven\repository\org\hamcrest\hamcrest-library\1.3\hamcrest-library-1.3.jar;E:\AssisitTools\maven\repository\org\skyscreamer\jsonassert\1.5.0\jsonassert-1.5.0.jar;E:\AssisitTools\maven\repository\com\vaadin\external\google\android-json\0.0.20131108.vaadin1\android-json-0.0.20131108.vaadin1.jar;E:\AssisitTools\maven\repository\org\springframework\spring-core\5.1.2.RELEASE\spring-core-5.1.2.RELEASE.jar;E:\AssisitTools\maven\repository\org\springframework\spring-jcl\5.1.2.RELEASE\spring-jcl-5.1.2.RELEASE.jar;E:\AssisitTools\maven\repository\org\springframework\spring-test\5.1.2.RELEASE\spring-test-5.1.2.RELEASE.jar;E:\AssisitTools\maven\repository\org\xmlunit\xmlunit-core\2.6.2\xmlunit-core-2.6.2.jar;E:\AssisitTools\maven\repository\com\alibaba\druid\1.1.10\druid-1.1.10.jar;E:\AssisitTools\maven\repository\org\apache\shiro\shiro-core\1.3.2\shiro-core-1.3.2.jar;E:\AssisitTools\maven\repository\org\slf4j\slf4j-api\1.7.25\slf4j-api-1.7.25.jar;E:\AssisitTools\maven\repository\commons-beanutils\commons-beanutils\1.8.3\commons-beanutils-1.8.3.jar;E:\AssisitTools\maven\repository\org\apache\shiro\shiro-web\1.3.2\shiro-web-1.3.2.jar;E:\AssisitTools\maven\repository\org\apache\shiro\shiro-spring\1.3.2\shiro-spring-1.3.2.jar;E:\AssisitTools\maven\repository\com\github\theborakompanioni\thymeleaf-extras-shiro\2.0.0\thymeleaf-extras-shiro-2.0.0.jar;E:\AssisitTools\maven\repository\commons-lang\commons-lang\2.6\commons-lang-2.6.jar;E:\AssisitTools\maven\repository\org\springframework\boot\spring-boot-starter-data-redis\2.1.0.RELEASE\spring-boot-starter-data-redis-2.1.0.RELEASE.jar;E:\AssisitTools\maven\repository\org\springframework\data\spring-data-redis\2.1.2.RELEASE\spring-data-redis-2.1.2.RELEASE.jar;E:\AssisitTools\maven\repository\org\springframework\data\spring-data-keyvalue\2.1.2.RELEASE\spring-data-keyvalue-2.1.2.RELEASE.jar;E:\AssisitTools\maven\repository\org\springframework\spring-oxm\5.1.2.RELEASE\spring-oxm-5.1.2.RELEASE.jar;E:\AssisitTools\maven\repository\org\springframework\spring-context-support\5.1.2.RELEASE\spring-context-support-5.1.2.RELEASE.jar;E:\AssisitTools\maven\repository\io\lettuce\lettuce-core\5.1.2.RELEASE\lettuce-core-5.1.2.RELEASE.jar;E:\AssisitTools\maven\repository\io\projectreactor\reactor-core\3.2.2.RELEASE\reactor-core-3.2.2.RELEASE.jar;E:\AssisitTools\maven\repository\org\reactivestreams\reactive-streams\1.0.2\reactive-streams-1.0.2.jar;E:\AssisitTools\maven\repository\io\netty\netty-common\4.1.29.Final\netty-common-4.1.29.Final.jar;E:\AssisitTools\maven\repository\io\netty\netty-transport\4.1.29.Final\netty-transport-4.1.29.Final.jar;E:\AssisitTools\maven\repository\io\netty\netty-buffer\4.1.29.Final\netty-buffer-4.1.29.Final.jar;E:\AssisitTools\maven\repository\io\netty\netty-resolver\4.1.29.Final\netty-resolver-4.1.29.Final.jar;E:\AssisitTools\maven\repository\io\netty\netty-handler\4.1.29.Final\netty-handler-4.1.29.Final.jar;E:\AssisitTools\maven\repository\io\netty\netty-codec\4.1.29.Final\netty-codec-4.1.29.Final.jar;E:\AssisitTools\maven\repository\org\apache\commons\commons-pool2\2.4.2\commons-pool2-2.4.2.jar;E:\AssisitTools\maven\repository\com\alibaba\fastjson\1.2.8\fastjson-1.2.8.jar;"/>
    <property name="sun.cpu.endian" value="little"/>
    <property name="user.home" value="C:\Users\Goldmsg"/>
    <property name="user.language" value="zh"/>
    <property name="java.specification.vendor" value="Oracle Corporation"/>
    <property name="java.home" value="E:\java\jdk1.8\jre"/>
    <property name="basedir" value="E:\DevTools\idea\workplaces\spring-boot-shop"/>
    <property name="file.separator" value="\"/>
    <property name="line.separator" value="&#10;"/>
    <property name="java.vm.specification.vendor" value="Oracle Corporation"/>
    <property name="java.specification.name" value="Java Platform API Specification"/>
    <property name="java.awt.graphicsenv" value="sun.awt.Win32GraphicsEnvironment"/>
    <property name="surefire.real.class.path" value="C:\Users\Goldmsg\AppData\Local\Temp\surefire3169270107388540953\surefirebooter7878751690906305013.jar"/>
    <property name="sun.boot.class.path" value="E:\java\jdk1.8\jre\lib\resources.jar;E:\java\jdk1.8\jre\lib\rt.jar;E:\java\jdk1.8\jre\lib\sunrsasign.jar;E:\java\jdk1.8\jre\lib\jsse.jar;E:\java\jdk1.8\jre\lib\jce.jar;E:\java\jdk1.8\jre\lib\charsets.jar;E:\java\jdk1.8\jre\lib\jfr.jar;E:\java\jdk1.8\jre\classes"/>
    <property name="user.script" value=""/>
    <property name="sun.management.compiler" value="HotSpot 64-Bit Tiered Compilers"/>
    <property name="java.runtime.version" value="1.8.0_181-b13"/>
    <property name="user.name" value="Goldmsg"/>
    <property name="path.separator" value=";"/>
    <property name="os.version" value="6.1"/>
    <property name="java.endorsed.dirs" value="E:\java\jdk1.8\jre\lib\endorsed"/>
    <property name="java.runtime.name" value="Java(TM) SE Runtime Environment"/>
    <property name="file.encoding" value="GBK"/>
    <property name="java.vm.name" value="Java HotSpot(TM) 64-Bit Server VM"/>
    <property name="localRepository" value="E:\AssisitTools\maven\repository"/>
    <property name="java.vendor.url.bug" value="http://bugreport.sun.com/bugreport/"/>
    <property name="java.io.tmpdir" value="C:\Users\Goldmsg\AppData\Local\Temp\"/>
    <property name="idea.version" value="2018.1.5"/>
    <property name="java.version" value="1.8.0_181"/>
    <property name="user.dir" value="E:\DevTools\idea\workplaces\spring-boot-shop"/>
    <property name="os.arch" value="amd64"/>
    <property name="java.vm.specification.name" value="Java Virtual Machine Specification"/>
    <property name="java.awt.printerjob" value="sun.awt.windows.WPrinterJob"/>
    <property name="sun.os.patch.level" value="Service Pack 1"/>
    <property name="java.library.path" value="E:\java\jdk1.8\jre\bin;C:\Windows\Sun\Java\bin;C:\Windows\system32;C:\Windows;C:\Program Files (x86)\Common Files\NetSarang;E:\Database\oracle\install\product\12.1.0\dbhome_1\bin;E:\java\jdk1.8\bin;C:\Program Files (x86)\Common Files\Oracle\Java\javapath;C:\Windows\system32;C:\Windows;C:\Windows\System32\Wbem;C:\Windows\System32\WindowsPowerShell\v1.0\;C:\Program Files (x86)\OpenVPN\bin;E:\ServiceTools\tomcat9\apache-tomcat-9.0.11\bin;E:\AssisitTools\maven\apache-maven-3.5.0\bin;E:\Database\mysql\install\bin;E:\AssisitTools\Git\install\Git\cmd;E:\AssisitTools\VisualSVN\Install\bin;E:\AssisitTools\TortoiseSVN\Install\bin;E:\Database\redis\Redis-x64;;."/>
    <property name="java.vm.info" value="mixed mode"/>
    <property name="java.vendor" value="Oracle Corporation"/>
    <property name="java.vm.version" value="25.181-b13"/>
    <property name="java.ext.dirs" value="E:\java\jdk1.8\jre\lib\ext;C:\Windows\Sun\Java\lib\ext"/>
    <property name="sun.io.unicode.encoding" value="UnicodeLittle"/>
    <property name="maven.repo.local" value="E:\AssisitTools\maven\repository"/>
    <property name="java.class.version" value="52.0"/>
  </properties>
  <testcase name="testUtils" classname="com.gosuncn.shop.SpringBootShopApplicationTests" time="0.866"/>
  <testcase name="testUUID" classname="com.gosuncn.shop.SpringBootShopApplicationTests" time="0.003"/>
  <testcase name="testProvince" classname="com.gosuncn.shop.SpringBootShopApplicationTests" time="0.135"/>
  <testcase name="testSaveSchool" classname="com.gosuncn.shop.SpringBootShopApplicationTests" time="0.209"/>
  <testcase name="contextLoads" classname="com.gosuncn.shop.SpringBootShopApplicationTests" time="0.036"/>
  <testcase name="testSearch" classname="com.gosuncn.shop.SpringBootShopApplicationTests" time="0.139"/>
  <testcase name="testPassword" classname="com.gosuncn.shop.SpringBootShopApplicationTests" time="0.014"/>
</testsuite>